{"level":"info","message":"Listening on port 5000...","timestamp":"2019-05-16T21:15:47.220Z"}
{"level":"info","message":"Listening on port 5000...","timestamp":"2019-05-16T21:16:15.383Z"}
{"level":"info","message":"Listening on port 5000...","timestamp":"2019-05-16T21:19:21.338Z"}
{"level":"info","message":"Listening on port 5000...","timestamp":"2019-05-16T21:27:16.866Z"}
{"level":"info","message":"Listening on port 5000...","timestamp":"2019-05-16T21:30:46.878Z"}
{"level":"info","message":"Listening on port 5000...","timestamp":"2019-05-16T21:32:05.282Z"}
{"level":"info","message":"Listening on port 5000...","timestamp":"2019-05-16T21:32:22.987Z"}
{"level":"info","message":"Listening on port 5000...","timestamp":"2019-05-16T21:33:58.846Z"}
{"level":"info","message":"Listening on port 5000...","timestamp":"2019-05-16T21:34:05.887Z"}
{"level":"info","message":"Listening on port 5000...","timestamp":"2019-05-16T21:34:33.571Z"}
{"level":"info","message":"Listening on port 5000...","timestamp":"2019-05-16T21:34:48.876Z"}
{"level":"info","message":"Listening on port 5000...","timestamp":"2019-05-16T21:37:32.622Z"}
{"level":"info","message":"Listening on port 5000...","timestamp":"2019-05-16T21:37:41.467Z"}
{"level":"info","message":"Listening on port 5000...","timestamp":"2019-05-16T21:38:03.851Z"}
{"level":"info","message":"Listening on port 5000...","timestamp":"2019-05-16T21:40:30.367Z"}
{"level":"info","message":"Listening on port 5000...","timestamp":"2019-05-16T21:41:14.576Z"}
{"level":"info","message":"Listening on port 5000...","timestamp":"2019-05-16T21:41:41.425Z"}
{"level":"info","message":"Listening on port 5000...","timestamp":"2019-05-16T21:42:34.412Z"}
{"level":"info","message":"Listening on port 5000...","timestamp":"2019-05-16T21:45:06.885Z"}
{"level":"info","message":"Listening on port 5000...","timestamp":"2019-05-16T21:45:53.648Z"}
{"level":"info","message":"Listening on port 5000...","timestamp":"2019-05-16T21:46:02.279Z"}
{"level":"info","message":"Listening on port 5000...","timestamp":"2019-05-16T21:48:47.332Z"}
{"level":"info","message":"Listening on port 5000...","timestamp":"2019-05-16T21:49:11.322Z"}
{"level":"info","message":"Listening on port 5000...","timestamp":"2019-05-16T21:49:16.963Z"}
{"level":"info","message":"Listening on port 5000...","timestamp":"2019-05-16T21:50:25.040Z"}
{"level":"info","message":"Listening on port 5000...","timestamp":"2019-05-16T21:50:30.108Z"}
{"level":"info","message":"Listening on port 5000...","timestamp":"2019-05-16T21:52:56.827Z"}
{"level":"info","message":"Listening on port 5000...","timestamp":"2019-05-16T21:56:19.451Z"}
{"level":"info","message":"Listening on port 5000...","timestamp":"2019-05-16T21:56:19.772Z"}
{"level":"info","message":"Listening on port 5000...","timestamp":"2019-05-16T21:58:46.371Z"}
{"level":"info","message":"Listening on port 5000...","timestamp":"2019-05-16T21:58:46.667Z"}
{"level":"info","message":"Listening on port 5000...","timestamp":"2019-05-16T21:59:05.682Z"}
{"level":"info","message":"Listening on port 5000...","timestamp":"2019-05-16T21:59:08.755Z"}
{"level":"info","message":"Listening on port 5000...","timestamp":"2019-05-16T21:59:15.161Z"}
{"level":"info","message":"Listening on port 5000...","timestamp":"2019-05-16T21:59:49.161Z"}
{"level":"info","message":"Listening on port 5000...","timestamp":"2019-05-16T21:59:56.534Z"}
{"level":"info","message":"Listening on port 5000...","timestamp":"2019-05-16T22:00:04.718Z"}
{"level":"info","message":"Listening on port 5000...","timestamp":"2019-05-16T22:01:02.964Z"}
{"level":"info","message":"Listening on port 5000...","timestamp":"2019-05-16T22:02:12.101Z"}
{"level":"info","message":"Listening on port 5000...","timestamp":"2019-05-16T22:02:15.136Z"}
{"level":"info","message":"Listening on port 5000...","timestamp":"2019-05-16T22:05:16.747Z"}
{"level":"info","message":"Listening on port 5000...","timestamp":"2019-05-16T22:06:44.971Z"}
{"level":"info","message":"Listening on port 5000...","timestamp":"2019-05-16T22:06:48.532Z"}
{"level":"info","message":"Listening on port 5000...","timestamp":"2019-05-16T22:08:07.683Z"}
{"level":"info","message":"Listening on port 5000...","timestamp":"2019-05-16T22:08:17.201Z"}
{"level":"info","message":"Listening on port 5000...","timestamp":"2019-05-16T22:08:35.138Z"}
{"level":"info","message":"Listening on port 5000...","timestamp":"2019-05-16T22:09:04.440Z"}
{"level":"info","message":"Listening on port 5000...","timestamp":"2019-05-16T22:09:52.167Z"}
{"level":"info","message":"Listening on port 5000...","timestamp":"2019-05-16T22:10:29.964Z"}
{"level":"info","message":"Listening on port 5000...","timestamp":"2019-05-16T22:10:57.715Z"}
{"level":"info","message":"Listening on port 5000...","timestamp":"2019-05-16T22:11:09.291Z"}
{"level":"info","message":"Listening on port 5000...","timestamp":"2019-05-16T22:11:49.285Z"}
{"level":"info","message":"Listening on port 5000...","timestamp":"2019-05-16T22:14:55.120Z"}
{"level":"info","message":"Listening on port 5000...","timestamp":"2019-05-16T22:16:02.602Z"}
{"level":"info","message":"Listening on port 5000...","timestamp":"2019-05-16T22:16:51.655Z"}
{"level":"info","message":"Listening on port 5000...","timestamp":"2019-05-16T22:17:00.392Z"}
{"level":"info","message":"Listening on port 5000...","timestamp":"2019-05-16T22:17:13.530Z"}
{"level":"info","message":"Listening on port 5000...","timestamp":"2019-05-16T22:17:37.016Z"}
{"level":"info","message":"Listening on port 5000...","timestamp":"2019-05-16T22:17:41.840Z"}
{"level":"info","message":"Listening on port 5000...","timestamp":"2019-05-16T22:17:57.011Z"}
{"level":"info","message":"Listening on port 5000...","timestamp":"2019-05-16T22:18:15.607Z"}
{"level":"info","message":"Listening on port 5000...","timestamp":"2019-05-16T22:18:23.705Z"}
{"level":"info","message":"Listening on port 5000...","timestamp":"2019-05-16T22:18:41.547Z"}
{"level":"info","message":"Listening on port 5000...","timestamp":"2019-05-16T22:20:03.694Z"}
{"level":"info","message":"Listening on port 5000...","timestamp":"2019-05-16T22:20:24.048Z"}
{"level":"info","message":"Listening on port 5000...","timestamp":"2019-05-16T22:20:44.418Z"}
{"level":"info","message":"Listening on port 5000...","timestamp":"2019-05-16T22:20:47.518Z"}
{"level":"info","message":"Listening on port 5000...","timestamp":"2019-05-16T22:22:56.381Z"}
{"level":"info","message":"Listening on port 5000...","timestamp":"2019-05-16T22:23:12.635Z"}
{"level":"info","message":"Listening on port 5000...","timestamp":"2019-05-16T22:33:36.303Z"}
{"level":"info","message":"Listening on port 5000...","timestamp":"2019-05-16T22:34:14.021Z"}
{"level":"info","message":"Listening on port 5000...","timestamp":"2019-05-16T22:34:32.548Z"}
{"level":"info","message":"Listening on port 5000...","timestamp":"2019-05-16T22:35:13.010Z"}
{"level":"info","message":"Listening on port 5000...","timestamp":"2019-05-16T22:37:59.674Z"}
{"level":"info","message":"Listening on port 5000...","timestamp":"2019-05-16T22:38:19.990Z"}
{"level":"info","message":"Listening on port 5000...","timestamp":"2019-05-17T06:39:54.295Z"}
{"level":"info","message":"Listening on port 5000...","timestamp":"2019-05-17T06:46:40.481Z"}
{"level":"info","message":"Listening on port 5000...","timestamp":"2019-05-17T06:46:59.277Z"}
{"level":"info","message":"Listening on port 5000...","timestamp":"2019-05-17T06:47:15.010Z"}
{"level":"info","message":"Listening on port 5000...","timestamp":"2019-05-17T06:47:15.853Z"}
{"level":"info","message":"Listening on port 5000...","timestamp":"2019-05-17T06:47:17.425Z"}
{"level":"info","message":"Listening on port 5000...","timestamp":"2019-05-17T06:47:21.537Z"}
{"level":"info","message":"Listening on port 5000...","timestamp":"2019-05-17T06:49:41.989Z"}
{"level":"info","message":"Listening on port 5000...","timestamp":"2019-05-17T06:50:37.003Z"}
{"level":"info","message":"Listening on port 5000...","timestamp":"2019-05-17T06:50:39.257Z"}
{"level":"info","message":"Listening on port 5000...","timestamp":"2019-05-17T07:01:12.917Z"}
{"level":"info","message":"Listening on port 5000...","timestamp":"2019-05-17T07:04:30.778Z"}
{"level":"info","message":"Listening on port 5000...","timestamp":"2019-05-17T07:04:36.686Z"}
{"level":"info","message":"Listening on port 5000...","timestamp":"2019-05-17T07:04:38.659Z"}
{"level":"info","message":"Listening on port 5000...","timestamp":"2019-05-17T07:04:50.799Z"}
{"level":"info","message":"Listening on port 5000...","timestamp":"2019-05-17T07:05:01.612Z"}
{"level":"info","message":"Listening on port 5000...","timestamp":"2019-05-17T07:11:09.847Z"}
{"level":"info","message":"Listening on port 5000...","timestamp":"2019-05-17T07:12:00.787Z"}
{"level":"info","message":"Listening on port 5000...","timestamp":"2019-05-17T07:14:21.561Z"}
{"level":"info","message":"Listening on port 5000...","timestamp":"2019-05-17T07:14:35.901Z"}
{"level":"info","message":"Listening on port 5000...","timestamp":"2019-05-17T07:17:38.689Z"}
{"level":"info","message":"Listening on port 5000...","timestamp":"2019-05-17T07:21:21.454Z"}
{"level":"info","message":"Listening on port 5000...","timestamp":"2019-05-17T07:22:00.923Z"}
{"level":"info","message":"Listening on port 5000...","timestamp":"2019-05-17T07:23:22.035Z"}
{"level":"info","message":"Listening on port 5000...","timestamp":"2019-05-17T07:29:37.326Z"}
{"level":"info","message":"Listening on port 5000...","timestamp":"2019-05-17T07:31:27.223Z"}
{"level":"info","message":"Listening on port 5000...","timestamp":"2019-05-17T07:31:35.530Z"}
{"level":"info","message":"Listening on port 5000...","timestamp":"2019-05-17T07:35:28.060Z"}
{"level":"info","message":"Listening on port 5000...","timestamp":"2019-05-17T07:35:34.208Z"}
{"level":"info","message":"Listening on port 5000...","timestamp":"2019-05-17T07:40:23.904Z"}
{"level":"info","message":"Listening on port 5000...","timestamp":"2019-05-17T07:48:08.718Z"}
{"level":"info","message":"Listening on port 5000...","timestamp":"2019-05-17T07:48:09.045Z"}
{"level":"info","message":"Listening on port 5000...","timestamp":"2019-05-17T07:51:28.642Z"}
{"level":"info","message":"Listening on port 5000...","timestamp":"2019-05-17T07:52:56.856Z"}
{"level":"info","message":"Listening on port 5000...","timestamp":"2019-05-17T07:53:10.831Z"}
{"level":"info","message":"Listening on port 5000...","timestamp":"2019-05-17T07:54:04.440Z"}
{"level":"info","message":"Listening on port 5000...","timestamp":"2019-05-17T07:54:08.065Z"}
{"level":"info","message":"Listening on port 5000...","timestamp":"2019-05-17T07:54:17.216Z"}
{"level":"info","message":"Listening on port 5000...","timestamp":"2019-05-17T08:02:24.437Z"}
{"level":"info","message":"Listening on port 5000...","timestamp":"2019-05-17T08:03:38.568Z"}
{"level":"info","message":"Listening on port 5000...","timestamp":"2019-05-17T08:04:27.576Z"}
{"level":"info","message":"Listening on port 5000...","timestamp":"2019-05-17T08:04:48.328Z"}
{"level":"info","message":"Listening on port 5000...","timestamp":"2019-05-17T08:09:40.665Z"}
{"level":"info","message":"Listening on port 5000...","timestamp":"2019-05-17T08:09:44.627Z"}
{"level":"info","message":"Listening on port 5000...","timestamp":"2019-05-17T08:10:11.445Z"}
{"level":"info","message":"Listening on port 5000...","timestamp":"2019-05-17T08:10:12.668Z"}
{"level":"info","message":"Listening on port 5000...","timestamp":"2019-05-17T08:10:22.867Z"}
{"level":"info","message":"Listening on port 5000...","timestamp":"2019-05-17T08:10:54.870Z"}
{"level":"info","message":"Listening on port 5000...","timestamp":"2019-05-17T08:11:18.713Z"}
{"level":"info","message":"Listening on port 5000...","timestamp":"2019-05-17T08:11:27.724Z"}
{"level":"info","message":"Listening on port 5000...","timestamp":"2019-05-17T08:12:08.590Z"}
{"level":"info","message":"Listening on port 5000...","timestamp":"2019-05-17T08:13:28.047Z"}
{"level":"info","message":"Listening on port 5000...","timestamp":"2019-05-17T08:13:40.580Z"}
{"level":"info","message":"Listening on port 5000...","timestamp":"2019-05-17T08:13:49.699Z"}
{"level":"info","message":"Listening on port 5000...","timestamp":"2019-05-17T08:14:27.402Z"}
{"level":"info","message":"Listening on port 5000...","timestamp":"2019-05-17T08:14:51.783Z"}
{"level":"info","message":"Listening on port 5000...","timestamp":"2019-05-17T08:15:01.799Z"}
{"level":"info","message":"Listening on port 5000...","timestamp":"2019-05-17T08:15:10.868Z"}
{"level":"info","message":"Listening on port 5000...","timestamp":"2019-05-17T08:15:53.283Z"}
{"level":"info","message":"Listening on port 5000...","timestamp":"2019-05-17T08:17:43.274Z"}
{"level":"info","message":"Listening on port 5000...","timestamp":"2019-05-17T08:17:51.116Z"}
{"level":"info","message":"Listening on port 5000...","timestamp":"2019-05-17T08:18:10.265Z"}
{"level":"info","message":"Listening on port 5000...","timestamp":"2019-05-17T08:18:19.401Z"}
{"level":"info","message":"Listening on port 5000...","timestamp":"2019-05-17T08:18:45.628Z"}
{"level":"info","message":"Listening on port 5000...","timestamp":"2019-05-17T08:18:54.716Z"}
{"level":"info","message":"Listening on port 5000...","timestamp":"2019-05-17T08:19:03.769Z"}
{"level":"info","message":"Listening on port 5000...","timestamp":"2019-05-17T08:19:30.799Z"}
{"level":"info","message":"Listening on port 5000...","timestamp":"2019-05-17T08:19:33.686Z"}
{"level":"info","message":"Listening on port 5000...","timestamp":"2019-05-17T08:19:44.318Z"}
{"level":"info","message":"Listening on port 5000...","timestamp":"2019-05-17T08:22:53.930Z"}
{"level":"info","message":"Listening on port 5000...","timestamp":"2019-05-17T08:26:51.352Z"}
{"level":"info","message":"Listening on port 5000...","timestamp":"2019-05-17T08:29:47.640Z"}
{"level":"info","message":"Listening on port 5000...","timestamp":"2019-05-17T08:32:34.053Z"}
{"level":"info","message":"Listening on port 5000...","timestamp":"2019-05-17T08:36:36.458Z"}
{"level":"info","message":"Listening on port 5000...","timestamp":"2019-05-17T08:41:32.852Z"}
{"level":"info","message":"Listening on port 5000...","timestamp":"2019-05-17T08:41:39.036Z"}
{"level":"info","message":"Listening on port 5000...","timestamp":"2019-05-17T08:47:44.883Z"}
{"level":"info","message":"Listening on port 5000...","timestamp":"2019-05-17T08:47:49.748Z"}
{"level":"info","message":"Listening on port 5000...","timestamp":"2019-05-17T08:48:26.493Z"}
{"level":"info","message":"Listening on port 5000...","timestamp":"2019-05-17T08:49:40.392Z"}
{"level":"info","message":"Listening on port 5000...","timestamp":"2019-05-17T08:50:11.370Z"}
{"level":"info","message":"Listening on port 5000...","timestamp":"2019-05-17T08:51:49.081Z"}
{"level":"info","message":"Succesfully connected to mongodb://localhost/blogster","timestamp":"2019-05-17T08:51:49.105Z"}
{"level":"info","message":"Listening on port 5000...","timestamp":"2019-05-17T08:52:20.136Z"}
{"level":"info","message":"Succesfully connected to mongodb://localhost/blogster","timestamp":"2019-05-17T08:52:20.159Z"}
{"level":"info","message":"Listening on port 5000...","timestamp":"2019-05-17T08:52:47.334Z"}
{"level":"info","message":"Succesfully connected to mongodb://localhost/blogster","timestamp":"2019-05-17T08:52:47.357Z"}
{"level":"info","message":"Listening on port 5000...","timestamp":"2019-05-17T08:56:28.378Z"}
{"level":"info","message":"Succesfully connected to mongodb://localhost/blogster","timestamp":"2019-05-17T08:56:28.401Z"}
{"level":"info","message":"Listening on port 5000...","timestamp":"2019-05-17T08:56:30.913Z"}
{"level":"info","message":"Succesfully connected to mongodb://localhost/blogster","timestamp":"2019-05-17T08:56:30.936Z"}
{"level":"info","message":"Listening on port 5000...","timestamp":"2019-05-17T08:56:32.410Z"}
{"level":"info","message":"Succesfully connected to mongodb://localhost/blogster","timestamp":"2019-05-17T08:56:32.431Z"}
{"level":"info","message":"Listening on port 5000...","timestamp":"2019-05-17T08:56:54.120Z"}
{"level":"info","message":"Succesfully connected to mongodb://localhost/blogster","timestamp":"2019-05-17T08:56:54.142Z"}
{"level":"info","message":"Listening on port 5000...","timestamp":"2019-05-17T08:57:14.073Z"}
{"level":"info","message":"Succesfully connected to mongodb://localhost/blogster","timestamp":"2019-05-17T08:57:14.100Z"}
{"level":"info","message":"Listening on port 5000...","timestamp":"2019-05-17T08:57:53.262Z"}
{"message":"connect ECONNREFUSED 127.0.0.1:27017","stack":"MongoNetworkError: connect ECONNREFUSED 127.0.0.1:27017\n    at Socket.err (/home/lenovo/Desktop/blogster/node_modules/mongodb-core/lib/connection/connect.js:287:16)\n    at Object.onceWrapper (events.js:285:13)\n    at Socket.emit (events.js:197:13)\n    at emitErrorNT (internal/streams/destroy.js:82:8)\n    at emitErrorAndCloseNT (internal/streams/destroy.js:50:3)\n    at processTicksAndRejections (internal/process/next_tick.js:76:17)","name":"MongoNetworkError","errorLabels":["TransientTransactionError"],"level":"error","timestamp":"2019-05-17T08:57:53.281Z"}
{"level":"info","message":"Listening on port 5000...","timestamp":"2019-05-17T08:58:36.218Z"}
{"level":"info","message":"Succesfully connected to mongodb://localhost/blogster","timestamp":"2019-05-17T08:58:36.249Z"}
{"level":"info","message":"Listening on port 5000...","timestamp":"2019-05-17T09:08:01.636Z"}
{"level":"info","message":"Succesfully connected to mongodb://localhost/blogster","timestamp":"2019-05-17T09:08:01.660Z"}
{"level":"info","message":"Listening on port 5000...","timestamp":"2019-05-17T09:08:10.815Z"}
{"level":"info","message":"Succesfully connected to mongodb://localhost/blogster","timestamp":"2019-05-17T09:08:10.838Z"}
{"level":"info","message":"Listening on port 5000...","timestamp":"2019-05-17T09:08:15.458Z"}
{"level":"info","message":"Succesfully connected to mongodb://localhost/blogster","timestamp":"2019-05-17T09:08:15.480Z"}
{"level":"info","message":"Listening on port 5000...","timestamp":"2019-05-17T09:12:06.406Z"}
{"level":"info","message":"Succesfully connected to mongodb://localhost/blogster","timestamp":"2019-05-17T09:12:06.430Z"}
{"level":"info","message":"Listening on port 5000...","timestamp":"2019-05-17T09:14:09.464Z"}
{"level":"info","message":"Succesfully connected to mongodb://localhost/blogster","timestamp":"2019-05-17T09:14:09.487Z"}
{"level":"info","message":"Listening on port 5000...","timestamp":"2019-05-17T09:14:41.768Z"}
{"level":"info","message":"Succesfully connected to mongodb://localhost/blogster","timestamp":"2019-05-17T09:14:41.790Z"}
{"level":"info","message":"Listening on port 5000...","timestamp":"2019-05-17T09:15:33.000Z"}
{"level":"info","message":"Succesfully connected to mongodb://localhost/blogster","timestamp":"2019-05-17T09:15:33.022Z"}
{"level":"info","message":"Listening on port 5000...","timestamp":"2019-05-17T09:16:13.834Z"}
{"level":"info","message":"Succesfully connected to mongodb://localhost/blogster","timestamp":"2019-05-17T09:16:13.859Z"}
{"level":"info","message":"Listening on port 5000...","timestamp":"2019-05-17T09:17:40.992Z"}
{"level":"info","message":"Succesfully connected to mongodb://localhost/blogster","timestamp":"2019-05-17T09:17:41.023Z"}
{"level":"info","message":"Listening on port 5000...","timestamp":"2019-05-17T09:17:59.023Z"}
{"level":"info","message":"Succesfully connected to mongodb://localhost/blogster","timestamp":"2019-05-17T09:17:59.054Z"}
{"level":"info","message":"Listening on port 5000...","timestamp":"2019-05-17T09:18:59.741Z"}
{"level":"info","message":"Succesfully connected to mongodb://localhost/blogster","timestamp":"2019-05-17T09:18:59.766Z"}
{"level":"info","message":"Listening on port 5000...","timestamp":"2019-05-17T09:20:12.204Z"}
{"level":"info","message":"Succesfully connected to mongodb://localhost/blogster","timestamp":"2019-05-17T09:20:12.242Z"}
{"level":"info","message":"Listening on port 5000...","timestamp":"2019-05-17T09:20:54.766Z"}
{"level":"info","message":"Succesfully connected to mongodb://localhost/blogster","timestamp":"2019-05-17T09:20:54.788Z"}
{"level":"info","message":"Listening on port 5000...","timestamp":"2019-05-17T09:21:23.625Z"}
{"level":"info","message":"Succesfully connected to mongodb://localhost/blogster","timestamp":"2019-05-17T09:21:23.651Z"}
{"level":"info","message":"Listening on port 5000...","timestamp":"2019-05-17T09:21:27.581Z"}
{"level":"info","message":"Succesfully connected to mongodb://localhost/blogster","timestamp":"2019-05-17T09:21:27.607Z"}
{"level":"info","message":"Listening on port 5000...","timestamp":"2019-05-17T10:45:44.978Z"}
{"level":"info","message":"Succesfully connected to mongodb://localhost/blogster","timestamp":"2019-05-17T10:45:45.002Z"}
{"level":"info","message":"Listening on port 5000...","timestamp":"2019-05-17T10:45:53.932Z"}
{"level":"info","message":"Succesfully connected to mongodb://localhost/blogster","timestamp":"2019-05-17T10:45:53.955Z"}
{"level":"info","message":"Listening on port 5000...","timestamp":"2019-05-17T10:46:37.225Z"}
{"level":"info","message":"Succesfully connected to mongodb://localhost/blogster","timestamp":"2019-05-17T10:46:37.254Z"}
{"level":"info","message":"Listening on port 5000...","timestamp":"2019-05-17T10:48:06.347Z"}
{"level":"info","message":"Succesfully connected to mongodb://localhost/blogster","timestamp":"2019-05-17T10:48:06.372Z"}
{"level":"info","message":"Listening on port 5000...","timestamp":"2019-05-17T10:48:51.725Z"}
{"level":"info","message":"Succesfully connected to mongodb://localhost/blogster","timestamp":"2019-05-17T10:48:51.758Z"}
{"level":"info","message":"Listening on port 5000...","timestamp":"2019-05-17T10:49:19.681Z"}
{"level":"info","message":"Succesfully connected to mongodb://localhost/blogster","timestamp":"2019-05-17T10:49:19.704Z"}
{"level":"info","message":"Listening on port 5000...","timestamp":"2019-05-17T10:50:12.324Z"}
{"level":"info","message":"Succesfully connected to mongodb://localhost/blogster","timestamp":"2019-05-17T10:50:12.349Z"}
{"level":"info","message":"Listening on port 5000...","timestamp":"2019-05-17T10:50:22.824Z"}
{"level":"info","message":"Succesfully connected to mongodb://localhost/blogster","timestamp":"2019-05-17T10:50:22.846Z"}
{"level":"info","message":"Listening on port 5000...","timestamp":"2019-05-17T10:52:02.867Z"}
{"level":"info","message":"Succesfully connected to mongodb://localhost/blogster","timestamp":"2019-05-17T10:52:02.898Z"}
{"level":"info","message":"Listening on port 5000...","timestamp":"2019-05-17T10:54:42.197Z"}
{"level":"info","message":"Succesfully connected to mongodb://localhost/blogster","timestamp":"2019-05-17T10:54:42.220Z"}
{"level":"info","message":"Listening on port 5000...","timestamp":"2019-05-17T10:54:45.390Z"}
{"level":"info","message":"Succesfully connected to mongodb://localhost/blogster","timestamp":"2019-05-17T10:54:45.415Z"}
{"level":"info","message":"Listening on port 5000...","timestamp":"2019-05-17T10:58:02.684Z"}
{"level":"info","message":"Succesfully connected to mongodb://localhost/blogster","timestamp":"2019-05-17T10:58:02.714Z"}
{"level":"info","message":"Listening on port 5000...","timestamp":"2019-05-17T10:59:00.481Z"}
{"level":"info","message":"Succesfully connected to mongodb://localhost/blogster","timestamp":"2019-05-17T10:59:00.506Z"}
{"level":"info","message":"Listening on port 5000...","timestamp":"2019-05-17T10:59:37.018Z"}
{"level":"info","message":"Succesfully connected to mongodb://localhost/blogster","timestamp":"2019-05-17T10:59:37.050Z"}
{"level":"info","message":"Listening on port 5000...","timestamp":"2019-05-17T10:59:52.100Z"}
{"level":"info","message":"Succesfully connected to mongodb://localhost/blogster","timestamp":"2019-05-17T10:59:52.123Z"}
{"level":"info","message":"Listening on port 5000...","timestamp":"2019-05-17T11:00:25.265Z"}
{"level":"info","message":"Succesfully connected to mongodb://localhost/blogster","timestamp":"2019-05-17T11:00:25.292Z"}
{"level":"info","message":"Listening on port 5000...","timestamp":"2019-05-17T11:01:07.130Z"}
{"level":"info","message":"Succesfully connected to mongodb://localhost/blogster","timestamp":"2019-05-17T11:01:07.160Z"}
{"level":"info","message":"Listening on port 5000...","timestamp":"2019-05-17T11:01:38.866Z"}
{"level":"info","message":"Succesfully connected to mongodb://localhost/blogster","timestamp":"2019-05-17T11:01:38.891Z"}
{"level":"info","message":"Listening on port 5000...","timestamp":"2019-05-17T11:02:10.656Z"}
{"level":"info","message":"Succesfully connected to mongodb://localhost/blogster","timestamp":"2019-05-17T11:02:10.682Z"}
{"level":"info","message":"Listening on port 5000...","timestamp":"2019-05-17T11:02:56.114Z"}
{"level":"info","message":"Succesfully connected to mongodb://localhost/blogster","timestamp":"2019-05-17T11:02:56.141Z"}
{"level":"info","message":"Listening on port 5000...","timestamp":"2019-05-17T11:03:49.391Z"}
{"level":"info","message":"Succesfully connected to mongodb://localhost/blogster","timestamp":"2019-05-17T11:03:49.419Z"}
{"level":"info","message":"Listening on port 5000...","timestamp":"2019-05-17T11:03:53.689Z"}
{"level":"info","message":"Succesfully connected to mongodb://localhost/blogster","timestamp":"2019-05-17T11:03:53.715Z"}
{"level":"info","message":"Listening on port 5000...","timestamp":"2019-05-17T11:04:03.720Z"}
{"level":"info","message":"Succesfully connected to mongodb://localhost/blogster","timestamp":"2019-05-17T11:04:03.741Z"}
{"level":"info","message":"Listening on port 5000...","timestamp":"2019-05-17T11:10:02.189Z"}
{"level":"info","message":"Succesfully connected to mongodb://localhost/blogster","timestamp":"2019-05-17T11:10:02.230Z"}
{"level":"info","message":"Listening on port 5000...","timestamp":"2019-05-17T11:12:26.006Z"}
{"level":"info","message":"Succesfully connected to mongodb://localhost/blogster","timestamp":"2019-05-17T11:12:26.031Z"}
{"level":"info","message":"Listening on port 5000...","timestamp":"2019-05-17T11:16:06.958Z"}
{"level":"info","message":"Succesfully connected to mongodb://localhost/blogster","timestamp":"2019-05-17T11:16:06.981Z"}
{"level":"info","message":"Listening on port 5000...","timestamp":"2019-05-17T11:16:36.516Z"}
{"level":"info","message":"Succesfully connected to mongodb://localhost/blogster","timestamp":"2019-05-17T11:16:36.541Z"}
{"level":"info","message":"Listening on port 5000...","timestamp":"2019-05-17T11:17:03.722Z"}
{"level":"info","message":"Succesfully connected to mongodb://localhost/blogster","timestamp":"2019-05-17T11:17:03.744Z"}
{"level":"info","message":"Listening on port 5000...","timestamp":"2019-05-17T11:17:33.259Z"}
{"level":"info","message":"Succesfully connected to mongodb://localhost/blogster","timestamp":"2019-05-17T11:17:33.284Z"}
{"level":"info","message":"Listening on port 5000...","timestamp":"2019-05-17T11:17:35.645Z"}
{"level":"info","message":"Succesfully connected to mongodb://localhost/blogster","timestamp":"2019-05-17T11:17:35.678Z"}
{"level":"info","message":"Listening on port 5000...","timestamp":"2019-05-17T11:17:56.976Z"}
{"level":"info","message":"Succesfully connected to mongodb://localhost/blogster","timestamp":"2019-05-17T11:17:57.010Z"}
{"level":"info","message":"Listening on port 5000...","timestamp":"2019-05-17T11:21:13.382Z"}
{"level":"info","message":"Succesfully connected to mongodb://localhost/blogster","timestamp":"2019-05-17T11:21:13.406Z"}
{"level":"info","message":"Listening on port 5000...","timestamp":"2019-05-17T11:22:22.382Z"}
{"level":"info","message":"Succesfully connected to mongodb://localhost/blogster","timestamp":"2019-05-17T11:22:22.409Z"}
{"level":"info","message":"Listening on port 5000...","timestamp":"2019-05-17T11:25:09.492Z"}
{"level":"info","message":"Succesfully connected to mongodb://localhost/blogster","timestamp":"2019-05-17T11:25:09.517Z"}
{"level":"info","message":"Listening on port 5000...","timestamp":"2019-05-17T11:27:55.100Z"}
{"level":"info","message":"Succesfully connected to mongodb://localhost/blogster","timestamp":"2019-05-17T11:27:55.123Z"}
{"level":"info","message":"Listening on port 5000...","timestamp":"2019-05-17T11:31:09.388Z"}
{"level":"info","message":"Succesfully connected to mongodb://localhost/blogster","timestamp":"2019-05-17T11:31:09.408Z"}
{"level":"info","message":"Listening on port 5000...","timestamp":"2019-05-17T11:41:24.559Z"}
{"level":"info","message":"Successfully connected to mongodb://localhost/blogster","timestamp":"2019-05-17T11:41:24.575Z"}
{"level":"info","message":"Listening on port 5000...","timestamp":"2019-05-17T11:43:30.506Z"}
{"level":"info","message":"Successfully connected to mongodb://localhost/blogster","timestamp":"2019-05-17T11:43:30.525Z"}
{"level":"info","message":"Listening on port 5000...","timestamp":"2019-05-17T11:58:14.077Z"}
{"level":"info","message":"Successfully connected to mongodb://localhost/blogster","timestamp":"2019-05-17T11:58:14.093Z"}
{"level":"info","message":"Listening on port 5000...","timestamp":"2019-05-17T12:25:14.501Z"}
{"level":"info","message":"Successfully connected to mongodb://localhost/blogster","timestamp":"2019-05-17T12:25:14.518Z"}
{"level":"info","message":"Listening on port 5000...","timestamp":"2019-05-17T12:27:56.449Z"}
{"level":"info","message":"Successfully connected to mongodb://localhost/blogster","timestamp":"2019-05-17T12:27:56.465Z"}
{"level":"info","message":"Listening on port 5000...","timestamp":"2019-05-17T12:43:40.884Z"}
{"level":"info","message":"Successfully connected to mongodb://localhost/blogster","timestamp":"2019-05-17T12:43:40.900Z"}
{"level":"info","message":"Listening on port 5000...","timestamp":"2019-05-17T12:44:31.046Z"}
{"level":"info","message":"Successfully connected to mongodb://localhost/blogster","timestamp":"2019-05-17T12:44:31.066Z"}
{"level":"info","message":"Listening on port 5000...","timestamp":"2019-05-17T12:44:33.656Z"}
{"level":"info","message":"Successfully connected to mongodb://localhost/blogster","timestamp":"2019-05-17T12:44:33.672Z"}
{"level":"info","message":"Listening on port 5000...","timestamp":"2019-05-17T12:44:36.455Z"}
{"level":"info","message":"Successfully connected to mongodb://localhost/blogster","timestamp":"2019-05-17T12:44:36.472Z"}
{"level":"info","message":"Listening on port 5000...","timestamp":"2019-05-17T12:46:06.284Z"}
{"level":"info","message":"Successfully connected to mongodb://localhost/blogster","timestamp":"2019-05-17T12:46:06.302Z"}
{"level":"info","message":"Listening on port 5000...","timestamp":"2019-05-17T12:46:54.412Z"}
{"level":"info","message":"Successfully connected to mongodb://localhost/blogster","timestamp":"2019-05-17T12:46:54.428Z"}
{"level":"info","message":"Listening on port 5000...","timestamp":"2019-05-17T12:51:06.666Z"}
{"level":"info","message":"Successfully connected to mongodb://localhost/blogster","timestamp":"2019-05-17T12:51:06.681Z"}
{"level":"info","message":"Listening on port 5000...","timestamp":"2019-05-17T12:51:50.001Z"}
{"level":"info","message":"Successfully connected to mongodb://localhost/blogster","timestamp":"2019-05-17T12:51:50.020Z"}
{"level":"info","message":"Listening on port 5000...","timestamp":"2019-05-17T12:52:10.490Z"}
{"level":"info","message":"Successfully connected to mongodb://localhost/blogster","timestamp":"2019-05-17T12:52:10.507Z"}
{"level":"info","message":"Listening on port 5000...","timestamp":"2019-05-17T12:53:07.386Z"}
{"level":"info","message":"Successfully connected to mongodb://localhost/blogster","timestamp":"2019-05-17T12:53:07.404Z"}
{"level":"info","message":"Listening on port 5000...","timestamp":"2019-05-17T12:53:09.631Z"}
{"level":"info","message":"Successfully connected to mongodb://localhost/blogster","timestamp":"2019-05-17T12:53:09.647Z"}
{"level":"info","message":"Listening on port 5000...","timestamp":"2019-05-17T12:54:01.448Z"}
{"level":"info","message":"Successfully connected to mongodb://localhost/blogster","timestamp":"2019-05-17T12:54:01.464Z"}
{"level":"info","message":"Listening on port 5000...","timestamp":"2019-05-17T12:55:44.760Z"}
{"level":"info","message":"Successfully connected to mongodb://localhost/blogster","timestamp":"2019-05-17T12:55:44.776Z"}
{"level":"info","message":"Listening on port 5000...","timestamp":"2019-05-17T12:56:09.688Z"}
{"level":"info","message":"Successfully connected to mongodb://localhost/blogster","timestamp":"2019-05-17T12:56:09.703Z"}
{"level":"info","message":"Listening on port 5000...","timestamp":"2019-05-17T12:58:17.650Z"}
{"level":"info","message":"Successfully connected to mongodb://localhost/blogster","timestamp":"2019-05-17T12:58:17.680Z"}
{"level":"info","message":"Listening on port 5000...","timestamp":"2019-05-17T12:58:45.341Z"}
{"level":"info","message":"Successfully connected to mongodb://localhost/blogster","timestamp":"2019-05-17T12:58:45.357Z"}
{"level":"info","message":"Listening on port 5000...","timestamp":"2019-05-17T12:59:05.687Z"}
{"level":"info","message":"Successfully connected to mongodb://localhost/blogster","timestamp":"2019-05-17T12:59:05.706Z"}
{"level":"info","message":"Listening on port 5000...","timestamp":"2019-05-17T12:59:54.736Z"}
{"level":"info","message":"Successfully connected to mongodb://localhost/blogster","timestamp":"2019-05-17T12:59:54.753Z"}
{"level":"info","message":"Listening on port 5000...","timestamp":"2019-05-17T13:00:18.974Z"}
{"level":"info","message":"Successfully connected to mongodb://localhost/blogster","timestamp":"2019-05-17T13:00:18.991Z"}
{"level":"info","message":"Listening on port 5000...","timestamp":"2019-05-17T13:02:28.707Z"}
{"level":"info","message":"Successfully connected to mongodb://localhost/blogster","timestamp":"2019-05-17T13:02:28.725Z"}
{"level":"info","message":"Listening on port 5000...","timestamp":"2019-05-17T13:03:54.382Z"}
{"level":"info","message":"Successfully connected to mongodb://localhost/blogster","timestamp":"2019-05-17T13:03:54.407Z"}
{"level":"info","message":"Listening on port 5000...","timestamp":"2019-05-17T13:04:42.362Z"}
{"level":"info","message":"Successfully connected to mongodb://localhost/blogster","timestamp":"2019-05-17T13:04:42.379Z"}
{"level":"info","message":"Listening on port 5000...","timestamp":"2019-05-17T13:04:56.964Z"}
{"level":"info","message":"Successfully connected to mongodb://localhost/blogster","timestamp":"2019-05-17T13:04:56.979Z"}
{"level":"info","message":"Listening on port 5000...","timestamp":"2019-05-17T13:05:34.391Z"}
{"level":"info","message":"Successfully connected to mongodb://localhost/blogster","timestamp":"2019-05-17T13:05:34.413Z"}
{"level":"info","message":"Listening on port 5000...","timestamp":"2019-05-17T13:06:32.713Z"}
{"level":"info","message":"Successfully connected to mongodb://localhost/blogster","timestamp":"2019-05-17T13:06:32.729Z"}
{"level":"info","message":"Listening on port 5000...","timestamp":"2019-05-17T13:06:42.215Z"}
{"level":"info","message":"Successfully connected to mongodb://localhost/blogster","timestamp":"2019-05-17T13:06:42.236Z"}
{"level":"info","message":"Listening on port 5000...","timestamp":"2019-05-17T13:08:12.216Z"}
{"level":"info","message":"Successfully connected to mongodb://localhost/blogster","timestamp":"2019-05-17T13:08:12.235Z"}
{"level":"info","message":"Listening on port 5000...","timestamp":"2019-05-17T13:09:07.963Z"}
{"level":"info","message":"Successfully connected to mongodb://localhost/blogster","timestamp":"2019-05-17T13:09:07.987Z"}
{"level":"info","message":"Listening on port 5000...","timestamp":"2019-05-17T13:09:30.570Z"}
{"level":"info","message":"Successfully connected to mongodb://localhost/blogster","timestamp":"2019-05-17T13:09:30.595Z"}
{"level":"info","message":"Listening on port 5000...","timestamp":"2019-05-17T13:11:04.897Z"}
{"level":"info","message":"Successfully connected to mongodb://localhost/blogster","timestamp":"2019-05-17T13:11:04.918Z"}
{"level":"info","message":"Listening on port 5000...","timestamp":"2019-05-17T13:11:56.944Z"}
{"level":"info","message":"Successfully connected to mongodb://localhost/blogster","timestamp":"2019-05-17T13:11:56.962Z"}
{"level":"info","message":"Listening on port 5000...","timestamp":"2019-05-17T13:12:44.254Z"}
{"level":"info","message":"Successfully connected to mongodb://localhost/blogster","timestamp":"2019-05-17T13:12:44.272Z"}
{"level":"info","message":"Listening on port 5000...","timestamp":"2019-05-17T13:12:54.938Z"}
{"level":"info","message":"Successfully connected to mongodb://localhost/blogster","timestamp":"2019-05-17T13:12:54.954Z"}
{"level":"info","message":"Listening on port 5000...","timestamp":"2019-05-17T13:13:31.454Z"}
{"level":"info","message":"Successfully connected to mongodb://localhost/blogster","timestamp":"2019-05-17T13:13:31.477Z"}
{"level":"info","message":"Listening on port 5000...","timestamp":"2019-05-17T13:14:02.066Z"}
{"level":"info","message":"Successfully connected to mongodb://localhost/blogster","timestamp":"2019-05-17T13:14:02.090Z"}
{"level":"info","message":"Listening on port 5000...","timestamp":"2019-05-17T13:16:50.460Z"}
{"level":"info","message":"Successfully connected to mongodb://localhost/blogster","timestamp":"2019-05-17T13:16:50.481Z"}
{"level":"info","message":"Listening on port 5000...","timestamp":"2019-05-17T13:19:13.309Z"}
{"level":"info","message":"Successfully connected to mongodb://localhost/blogster","timestamp":"2019-05-17T13:19:13.337Z"}
{"level":"info","message":"Listening on port 5000...","timestamp":"2019-05-17T13:21:28.124Z"}
{"level":"info","message":"Successfully connected to mongodb://localhost/blogster","timestamp":"2019-05-17T13:21:28.145Z"}
{"level":"info","message":"Listening on port 5000...","timestamp":"2019-05-17T13:21:59.655Z"}
{"level":"info","message":"Successfully connected to mongodb://localhost/blogster","timestamp":"2019-05-17T13:21:59.675Z"}
{"level":"info","message":"Listening on port 5000...","timestamp":"2019-05-17T13:22:08.703Z"}
{"level":"info","message":"Successfully connected to mongodb://localhost/blogster","timestamp":"2019-05-17T13:22:08.718Z"}
{"level":"info","message":"Listening on port 5000...","timestamp":"2019-05-17T13:22:40.198Z"}
{"level":"info","message":"Successfully connected to mongodb://localhost/blogster","timestamp":"2019-05-17T13:22:40.216Z"}
{"level":"info","message":"Listening on port 5000...","timestamp":"2019-05-17T13:22:55.364Z"}
{"level":"info","message":"Successfully connected to mongodb://localhost/blogster","timestamp":"2019-05-17T13:22:55.381Z"}
{"level":"info","message":"Listening on port 5000...","timestamp":"2019-05-17T13:23:46.061Z"}
{"level":"info","message":"Successfully connected to mongodb://localhost/blogster","timestamp":"2019-05-17T13:23:46.077Z"}
{"level":"info","message":"Listening on port 5000...","timestamp":"2019-05-17T13:24:36.127Z"}
{"level":"info","message":"Successfully connected to mongodb://localhost/blogster","timestamp":"2019-05-17T13:24:36.142Z"}
{"level":"info","message":"Listening on port 5000...","timestamp":"2019-05-17T13:24:56.626Z"}
{"level":"info","message":"Successfully connected to mongodb://localhost/blogster","timestamp":"2019-05-17T13:24:56.643Z"}
{"level":"info","message":"Listening on port 5000...","timestamp":"2019-05-17T13:26:30.814Z"}
{"level":"info","message":"Successfully connected to mongodb://localhost/blogster","timestamp":"2019-05-17T13:26:30.836Z"}
{"level":"info","message":"Listening on port 5000...","timestamp":"2019-05-17T13:28:33.710Z"}
{"level":"info","message":"Successfully connected to mongodb://localhost/blogster","timestamp":"2019-05-17T13:28:33.730Z"}
{"level":"info","message":"Listening on port 5000...","timestamp":"2019-05-17T13:28:43.353Z"}
{"level":"info","message":"Successfully connected to mongodb://localhost/blogster","timestamp":"2019-05-17T13:28:43.370Z"}
{"level":"info","message":"Listening on port 5000...","timestamp":"2019-05-17T13:28:52.704Z"}
{"level":"info","message":"Successfully connected to mongodb://localhost/blogster","timestamp":"2019-05-17T13:28:52.722Z"}
{"level":"info","message":"Listening on port 5000...","timestamp":"2019-05-17T13:29:03.906Z"}
{"level":"info","message":"Successfully connected to mongodb://localhost/blogster","timestamp":"2019-05-17T13:29:03.922Z"}
{"level":"info","message":"Listening on port 5000...","timestamp":"2019-05-17T13:29:09.318Z"}
{"level":"info","message":"Successfully connected to mongodb://localhost/blogster","timestamp":"2019-05-17T13:29:09.341Z"}
{"level":"info","message":"Listening on port 5000...","timestamp":"2019-05-17T13:29:12.046Z"}
{"level":"info","message":"Successfully connected to mongodb://localhost/blogster","timestamp":"2019-05-17T13:29:12.063Z"}
{"level":"info","message":"Listening on port 5000...","timestamp":"2019-05-17T13:29:21.244Z"}
{"level":"info","message":"Successfully connected to mongodb://localhost/blogster","timestamp":"2019-05-17T13:29:21.259Z"}
{"level":"info","message":"Listening on port 5000...","timestamp":"2019-05-17T13:30:53.328Z"}
{"level":"info","message":"Successfully connected to mongodb://localhost/blogster","timestamp":"2019-05-17T13:30:53.346Z"}
{"level":"info","message":"Listening on port 5000...","timestamp":"2019-05-17T13:33:00.238Z"}
{"level":"info","message":"Successfully connected to mongodb://localhost/blogster","timestamp":"2019-05-17T13:33:00.253Z"}
{"level":"info","message":"Listening on port 5000...","timestamp":"2019-05-17T13:36:06.212Z"}
{"level":"info","message":"Successfully connected to mongodb://localhost/blogster","timestamp":"2019-05-17T13:36:06.229Z"}
{"level":"info","message":"Listening on port 5000...","timestamp":"2019-05-17T13:40:14.285Z"}
{"level":"info","message":"Successfully connected to mongodb://localhost/blogster","timestamp":"2019-05-17T13:40:14.300Z"}
{"level":"info","message":"Listening on port 5000...","timestamp":"2019-05-17T13:44:12.281Z"}
{"level":"info","message":"Successfully connected to mongodb://localhost/blogster","timestamp":"2019-05-17T13:44:12.299Z"}
{"level":"info","message":"Listening on port 5000...","timestamp":"2019-05-17T13:44:43.536Z"}
{"level":"info","message":"Successfully connected to mongodb://localhost/blogster","timestamp":"2019-05-17T13:44:43.553Z"}
{"level":"info","message":"Listening on port 5000...","timestamp":"2019-05-17T13:45:29.182Z"}
{"level":"info","message":"Successfully connected to mongodb://localhost/blogster","timestamp":"2019-05-17T13:45:29.199Z"}
{"level":"info","message":"Listening on port 5000...","timestamp":"2019-05-17T13:45:41.232Z"}
{"level":"info","message":"Successfully connected to mongodb://localhost/blogster","timestamp":"2019-05-17T13:45:41.250Z"}
{"level":"info","message":"Listening on port 5000...","timestamp":"2019-05-17T13:48:30.747Z"}
{"level":"info","message":"Successfully connected to mongodb://localhost/blogster","timestamp":"2019-05-17T13:48:30.762Z"}
{"level":"info","message":"Listening on port 5000...","timestamp":"2019-05-17T13:48:54.933Z"}
{"level":"info","message":"Successfully connected to mongodb://localhost/blogster","timestamp":"2019-05-17T13:48:54.949Z"}
{"level":"info","message":"Listening on port 5000...","timestamp":"2019-05-17T13:49:04.144Z"}
{"level":"info","message":"Successfully connected to mongodb://localhost/blogster","timestamp":"2019-05-17T13:49:04.159Z"}
{"level":"info","message":"Listening on port 5000...","timestamp":"2019-05-17T13:49:38.247Z"}
{"level":"info","message":"Successfully connected to mongodb://localhost/blogster","timestamp":"2019-05-17T13:49:38.264Z"}
{"level":"info","message":"Listening on port 5000...","timestamp":"2019-05-17T13:49:39.809Z"}
{"level":"info","message":"Successfully connected to mongodb://localhost/blogster","timestamp":"2019-05-17T13:49:39.827Z"}
{"level":"info","message":"Listening on port 5000...","timestamp":"2019-05-17T13:50:36.316Z"}
{"level":"info","message":"Successfully connected to mongodb://localhost/blogster","timestamp":"2019-05-17T13:50:36.333Z"}
{"level":"info","message":"Listening on port 5000...","timestamp":"2019-05-17T13:50:49.965Z"}
{"level":"info","message":"Successfully connected to mongodb://localhost/blogster","timestamp":"2019-05-17T13:50:49.982Z"}
{"level":"info","message":"Listening on port 5000...","timestamp":"2019-05-17T13:51:08.852Z"}
{"level":"info","message":"Successfully connected to mongodb://localhost/blogster","timestamp":"2019-05-17T13:51:08.869Z"}
